<?xml version="1.0" encoding="UTF-8"?>
<!-- Generated by org.testng.reporters.JUnitReportReporter -->
<testsuite skipped="5" hostname="LAPTOP-4B5O6JPV" name="com.neuron.qa.testcase.StatusMasterTest" tests="6" failures="0" timestamp="2021-05-08T16:41:33 IST" time="10.775" errors="1">
  <testcase name="StatusMasterTest" time="0.000" classname="com.neuron.qa.testcase.StatusMasterTest">
    <skipped/>
  </testcase> <!-- StatusMasterTest -->
  <system-out/>
  <testcase name="StatusMasterTest" time="0.000" classname="com.neuron.qa.testcase.StatusMasterTest">
    <skipped/>
  </testcase> <!-- StatusMasterTest -->
  <system-out/>
  <testcase name="StatusMasterTest" time="0.000" classname="com.neuron.qa.testcase.StatusMasterTest">
    <skipped/>
  </testcase> <!-- StatusMasterTest -->
  <system-out/>
  <testcase name="sampletest" time="10.775" classname="com.neuron.qa.testcase.StatusMasterTest">
    <error type="org.openqa.selenium.SessionNotCreatedException" message="session not created: This version of ChromeDriver only supports Chrome version 87
Current browser version is 90.0.4430.93 with binary path C:\Users\surve\AppData\Local\Google\Chrome\Application\chrome.exe
Build info: version: &#039;3.141.59&#039;, revision: &#039;e82be7d358&#039;, time: &#039;2018-11-14T08:17:03&#039;
System info: host: &#039;LAPTOP-4B5O6JPV&#039;, ip: &#039;192.168.0.103&#039;, os.name: &#039;Windows 10&#039;, os.arch: &#039;amd64&#039;, os.version: &#039;10.0&#039;, java.version: &#039;1.8.0_192&#039;
Driver info: driver.version: ChromeDriver
remote stacktrace: Backtrace:
	Ordinal0 [0x005CECE3+3337443]
	Ordinal0 [0x004AF041+2158657]
	Ordinal0 [0x00336FA8+618408]
	Ordinal0 [0x002B1D52+73042]
	Ordinal0 [0x002AE0D8+57560]
	Ordinal0 [0x002AC38A+50058]
	Ordinal0 [0x002D5E8E+220814]
	Ordinal0 [0x002D5BFC+220156]
	Ordinal0 [0x002D181B+202779]
	Ordinal0 [0x002B3D74+81268]
	Ordinal0 [0x002B4D6E+85358]
	Ordinal0 [0x002B4CF9+85241]
	Ordinal0 [0x004C6F2C+2256684]
	GetHandleVerifier [0x00752FAC+1478332]
	GetHandleVerifier [0x00752AFD+1477133]
	GetHandleVerifier [0x0075AAD8+1509864]
	GetHandleVerifier [0x0075369E+1480110]
	Ordinal0 [0x004BD6BD+2217661]
	Ordinal0 [0x004C89AB+2263467]
	Ordinal0 [0x004C8AEF+2263791]
	Ordinal0 [0x004DD363+2347875]
	BaseThreadInitThunk [0x75F26359+25]
	RtlGetAppContainerNamedObjectPath [0x77808964+228]
	RtlGetAppContainerNamedObjectPath [0x77808934+180]
">
      <![CDATA[org.openqa.selenium.SessionNotCreatedException: session not created: This version of ChromeDriver only supports Chrome version 87
Current browser version is 90.0.4430.93 with binary path C:\Users\surve\AppData\Local\Google\Chrome\Application\chrome.exe
Build info: version: '3.141.59', revision: 'e82be7d358', time: '2018-11-14T08:17:03'
System info: host: 'LAPTOP-4B5O6JPV', ip: '192.168.0.103', os.name: 'Windows 10', os.arch: 'amd64', os.version: '10.0', java.version: '1.8.0_192'
Driver info: driver.version: ChromeDriver
remote stacktrace: Backtrace:
Ordinal0 [0x005CECE3+3337443]
Ordinal0 [0x004AF041+2158657]
Ordinal0 [0x00336FA8+618408]
Ordinal0 [0x002B1D52+73042]
Ordinal0 [0x002AE0D8+57560]
Ordinal0 [0x002AC38A+50058]
Ordinal0 [0x002D5E8E+220814]
Ordinal0 [0x002D5BFC+220156]
Ordinal0 [0x002D181B+202779]
Ordinal0 [0x002B3D74+81268]
Ordinal0 [0x002B4D6E+85358]
Ordinal0 [0x002B4CF9+85241]
Ordinal0 [0x004C6F2C+2256684]
GetHandleVerifier [0x00752FAC+1478332]
GetHandleVerifier [0x00752AFD+1477133]
GetHandleVerifier [0x0075AAD8+1509864]
GetHandleVerifier [0x0075369E+1480110]
Ordinal0 [0x004BD6BD+2217661]
Ordinal0 [0x004C89AB+2263467]
Ordinal0 [0x004C8AEF+2263791]
Ordinal0 [0x004DD363+2347875]
BaseThreadInitThunk [0x75F26359+25]
RtlGetAppContainerNamedObjectPath [0x77808964+228]
RtlGetAppContainerNamedObjectPath [0x77808934+180]

at sun.reflect.NativeConstructorAccessorImpl.newInstance0(Native Method)
at sun.reflect.NativeConstructorAccessorImpl.newInstance(NativeConstructorAccessorImpl.java:62)
at sun.reflect.DelegatingConstructorAccessorImpl.newInstance(DelegatingConstructorAccessorImpl.java:45)
at java.lang.reflect.Constructor.newInstance(Constructor.java:423)
at org.openqa.selenium.remote.W3CHandshakeResponse.lambda$errorHandler$0(W3CHandshakeResponse.java:62)
at org.openqa.selenium.remote.HandshakeResponse.lambda$getResponseFunction$0(HandshakeResponse.java:30)
at org.openqa.selenium.remote.ProtocolHandshake.lambda$createSession$0(ProtocolHandshake.java:126)
at java.util.stream.ReferencePipeline$3$1.accept(ReferencePipeline.java:193)
at java.util.Spliterators$ArraySpliterator.tryAdvance(Spliterators.java:958)
at java.util.stream.ReferencePipeline.forEachWithCancel(ReferencePipeline.java:126)
at java.util.stream.AbstractPipeline.copyIntoWithCancel(AbstractPipeline.java:498)
at java.util.stream.AbstractPipeline.copyInto(AbstractPipeline.java:485)
at java.util.stream.AbstractPipeline.wrapAndCopyInto(AbstractPipeline.java:471)
at java.util.stream.FindOps$FindOp.evaluateSequential(FindOps.java:152)
at java.util.stream.AbstractPipeline.evaluate(AbstractPipeline.java:234)
at java.util.stream.ReferencePipeline.findFirst(ReferencePipeline.java:464)
at org.openqa.selenium.remote.ProtocolHandshake.createSession(ProtocolHandshake.java:128)
at org.openqa.selenium.remote.ProtocolHandshake.createSession(ProtocolHandshake.java:74)
at org.openqa.selenium.remote.HttpCommandExecutor.execute(HttpCommandExecutor.java:136)
at org.openqa.selenium.remote.service.DriverCommandExecutor.execute(DriverCommandExecutor.java:83)
at org.openqa.selenium.remote.RemoteWebDriver.execute(RemoteWebDriver.java:552)
at org.openqa.selenium.remote.RemoteWebDriver.startSession(RemoteWebDriver.java:213)
at org.openqa.selenium.remote.RemoteWebDriver.<init>(RemoteWebDriver.java:131)
at org.openqa.selenium.chrome.ChromeDriver.<init>(ChromeDriver.java:181)
at org.openqa.selenium.chrome.ChromeDriver.<init>(ChromeDriver.java:168)
at org.openqa.selenium.chrome.ChromeDriver.<init>(ChromeDriver.java:123)
at com.neuron.qa.base.Configuration.openBrowser(Configuration.java:99)
at com.neuron.qa.testcase.StatusMasterTest.sampletest(StatusMasterTest.java:30)
at sun.reflect.NativeMethodAccessorImpl.invoke0(Native Method)
at sun.reflect.NativeMethodAccessorImpl.invoke(NativeMethodAccessorImpl.java:62)
at sun.reflect.DelegatingMethodAccessorImpl.invoke(DelegatingMethodAccessorImpl.java:43)
at java.lang.reflect.Method.invoke(Method.java:498)
at org.testng.internal.MethodInvocationHelper.invokeMethod(MethodInvocationHelper.java:135)
at org.testng.internal.MethodInvocationHelper.invokeMethodConsideringTimeout(MethodInvocationHelper.java:64)
at org.testng.internal.ConfigInvoker.invokeConfigurationMethod(ConfigInvoker.java:364)
at org.testng.internal.ConfigInvoker.invokeConfigurations(ConfigInvoker.java:318)
at org.testng.TestRunner.invokeTestConfigurations(TestRunner.java:620)
at org.testng.TestRunner.beforeRun(TestRunner.java:610)
at org.testng.TestRunner.run(TestRunner.java:581)
at org.testng.SuiteRunner.runTest(SuiteRunner.java:384)
at org.testng.SuiteRunner.runSequentially(SuiteRunner.java:378)
at org.testng.SuiteRunner.privateRun(SuiteRunner.java:337)
at org.testng.SuiteRunner.run(SuiteRunner.java:286)
at org.testng.SuiteRunnerWorker.runSuite(SuiteRunnerWorker.java:53)
at org.testng.SuiteRunnerWorker.run(SuiteRunnerWorker.java:96)
at org.testng.TestNG.runSuitesSequentially(TestNG.java:1214)
at org.testng.TestNG.runSuitesLocally(TestNG.java:1136)
at org.testng.TestNG.runSuites(TestNG.java:1066)
at org.testng.TestNG.run(TestNG.java:1034)
at org.testng.remote.AbstractRemoteTestNG.run(AbstractRemoteTestNG.java:115)
at org.testng.remote.RemoteTestNG.initAndRun(RemoteTestNG.java:251)
at org.testng.remote.RemoteTestNG.main(RemoteTestNG.java:77)
]]>
    </error>
  </testcase> <!-- sampletest -->
  <system-out/>
  <testcase name="StatusMasterTest" time="0.000" classname="com.neuron.qa.testcase.StatusMasterTest">
    <skipped/>
  </testcase> <!-- StatusMasterTest -->
  <system-out/>
  <testcase name="StatusMasterTest" time="0.000" classname="com.neuron.qa.testcase.StatusMasterTest">
    <skipped/>
  </testcase> <!-- StatusMasterTest -->
  <system-out/>
</testsuite> <!-- com.neuron.qa.testcase.StatusMasterTest -->
