<?xml version="1.0" encoding="UTF-8"?>
<!-- Generated by org.testng.reporters.JUnitXMLReporter -->
<testsuite hostname="LAPTOP-4B5O6JPV" ignored="0" name="Default test" tests="3" failures="0" timestamp="2021-08-03T18:34:08 IST" time="10.823" errors="0">
  <testcase name="@BeforeTest sampleTest" time="10.353" classname="com.neuron.qa.testcase.SpecialReportTest">
    <failure type="org.openqa.selenium.WebDriverException" message="unknown error: Chrome failed to start: exited normally.
  (unknown error: DevToolsActivePort file doesn&amp;apos;t exist)
  (The process started from chrome location C:\Users\surve\AppData\Local\Google\Chrome\Application\chrome.exe is no longer running, so ChromeDriver is assuming that Chrome has crashed.)
Build info: version: &amp;apos;3.141.59&amp;apos;, revision: &amp;apos;e82be7d358&amp;apos;, time: &amp;apos;2018-11-14T08:17:03&amp;apos;
System info: host: &amp;apos;LAPTOP-4B5O6JPV&amp;apos;, ip: &amp;apos;192.168.1.206&amp;apos;, os.name: &amp;apos;Windows 10&amp;apos;, os.arch: &amp;apos;amd64&amp;apos;, os.version: &amp;apos;10.0&amp;apos;, java.version: &amp;apos;1.8.0_192&amp;apos;
Driver info: driver.version: ChromeDriver
remote stacktrace: Backtrace:
	Ordinal0 [0x00EC3733+2504499]
	Ordinal0 [0x00E5C401+2081793]
	Ordinal0 [0x00D62628+1058344]
	Ordinal0 [0x00D7C99F+1165727]
	Ordinal0 [0x00D79DC3+1154499]
	Ordinal0 [0x00DA9B82+1350530]
	Ordinal0 [0x00DA97DA+1349594]
	Ordinal0 [0x00DA5D4B+1334603]
	Ordinal0 [0x00D822B4+1188532]
	Ordinal0 [0x00D83149+1192265]
	GetHandleVerifier [0x0103FB8C+1512252]
	GetHandleVerifier [0x010EB0DF+2214031]
	GetHandleVerifier [0x00F44BC3+484211]
	GetHandleVerifier [0x00F43E69+480793]
	Ordinal0 [0x00E6218D+2105741]
	Ordinal0 [0x00E666E8+2123496]
	Ordinal0 [0x00E66827+2123815]
	Ordinal0 [0x00E6FB73+2161523]
	BaseThreadInitThunk [0x747B6359+25]
	RtlGetAppContainerNamedObjectPath [0x76FF8964+228]
	RtlGetAppContainerNamedObjectPath [0x76FF8934+180]
">
      <![CDATA[org.openqa.selenium.WebDriverException: unknown error: Chrome failed to start: exited normally.
  (unknown error: DevToolsActivePort file doesn't exist)
  (The process started from chrome location C:\Users\surve\AppData\Local\Google\Chrome\Application\chrome.exe is no longer running, so ChromeDriver is assuming that Chrome has crashed.)
Build info: version: '3.141.59', revision: 'e82be7d358', time: '2018-11-14T08:17:03'
System info: host: 'LAPTOP-4B5O6JPV', ip: '192.168.1.206', os.name: 'Windows 10', os.arch: 'amd64', os.version: '10.0', java.version: '1.8.0_192'
Driver info: driver.version: ChromeDriver
remote stacktrace: Backtrace:
Ordinal0 [0x00EC3733+2504499]
Ordinal0 [0x00E5C401+2081793]
Ordinal0 [0x00D62628+1058344]
Ordinal0 [0x00D7C99F+1165727]
Ordinal0 [0x00D79DC3+1154499]
Ordinal0 [0x00DA9B82+1350530]
Ordinal0 [0x00DA97DA+1349594]
Ordinal0 [0x00DA5D4B+1334603]
Ordinal0 [0x00D822B4+1188532]
Ordinal0 [0x00D83149+1192265]
GetHandleVerifier [0x0103FB8C+1512252]
GetHandleVerifier [0x010EB0DF+2214031]
GetHandleVerifier [0x00F44BC3+484211]
GetHandleVerifier [0x00F43E69+480793]
Ordinal0 [0x00E6218D+2105741]
Ordinal0 [0x00E666E8+2123496]
Ordinal0 [0x00E66827+2123815]
Ordinal0 [0x00E6FB73+2161523]
BaseThreadInitThunk [0x747B6359+25]
RtlGetAppContainerNamedObjectPath [0x76FF8964+228]
RtlGetAppContainerNamedObjectPath [0x76FF8934+180]

at sun.reflect.NativeConstructorAccessorImpl.newInstance0(Native Method)
at sun.reflect.NativeConstructorAccessorImpl.newInstance(NativeConstructorAccessorImpl.java:62)
at sun.reflect.DelegatingConstructorAccessorImpl.newInstance(DelegatingConstructorAccessorImpl.java:45)
at java.lang.reflect.Constructor.newInstance(Constructor.java:423)
at org.openqa.selenium.remote.W3CHandshakeResponse.lambda$errorHandler$0(W3CHandshakeResponse.java:62)
at org.openqa.selenium.remote.HandshakeResponse.lambda$getResponseFunction$0(HandshakeResponse.java:30)
at org.openqa.selenium.remote.ProtocolHandshake.lambda$createSession$0(ProtocolHandshake.java:126)
at java.util.stream.ReferencePipeline$3$1.accept(ReferencePipeline.java:193)
at java.util.Spliterators$ArraySpliterator.tryAdvance(Spliterators.java:958)
at java.util.stream.ReferencePipeline.forEachWithCancel(ReferencePipeline.java:126)
at java.util.stream.AbstractPipeline.copyIntoWithCancel(AbstractPipeline.java:498)
at java.util.stream.AbstractPipeline.copyInto(AbstractPipeline.java:485)
at java.util.stream.AbstractPipeline.wrapAndCopyInto(AbstractPipeline.java:471)
at java.util.stream.FindOps$FindOp.evaluateSequential(FindOps.java:152)
at java.util.stream.AbstractPipeline.evaluate(AbstractPipeline.java:234)
at java.util.stream.ReferencePipeline.findFirst(ReferencePipeline.java:464)
at org.openqa.selenium.remote.ProtocolHandshake.createSession(ProtocolHandshake.java:128)
at org.openqa.selenium.remote.ProtocolHandshake.createSession(ProtocolHandshake.java:74)
at org.openqa.selenium.remote.HttpCommandExecutor.execute(HttpCommandExecutor.java:136)
at org.openqa.selenium.remote.service.DriverCommandExecutor.execute(DriverCommandExecutor.java:83)
at org.openqa.selenium.remote.RemoteWebDriver.execute(RemoteWebDriver.java:552)
at org.openqa.selenium.remote.RemoteWebDriver.startSession(RemoteWebDriver.java:213)
at org.openqa.selenium.remote.RemoteWebDriver.<init>(RemoteWebDriver.java:131)
at org.openqa.selenium.chrome.ChromeDriver.<init>(ChromeDriver.java:181)
at org.openqa.selenium.chrome.ChromeDriver.<init>(ChromeDriver.java:168)
at org.openqa.selenium.chrome.ChromeDriver.<init>(ChromeDriver.java:123)
at com.neuron.qa.base.Configuration.openBrowser(Configuration.java:99)
at com.neuron.qa.testcase.SpecialReportTest.sampleTest(SpecialReportTest.java:31)
at sun.reflect.NativeMethodAccessorImpl.invoke0(Native Method)
at sun.reflect.NativeMethodAccessorImpl.invoke(NativeMethodAccessorImpl.java:62)
at sun.reflect.DelegatingMethodAccessorImpl.invoke(DelegatingMethodAccessorImpl.java:43)
at java.lang.reflect.Method.invoke(Method.java:498)
at org.testng.internal.MethodInvocationHelper.invokeMethod(MethodInvocationHelper.java:135)
at org.testng.internal.MethodInvocationHelper.invokeMethodConsideringTimeout(MethodInvocationHelper.java:64)
at org.testng.internal.ConfigInvoker.invokeConfigurationMethod(ConfigInvoker.java:364)
at org.testng.internal.ConfigInvoker.invokeConfigurations(ConfigInvoker.java:318)
at org.testng.TestRunner.invokeTestConfigurations(TestRunner.java:620)
at org.testng.TestRunner.beforeRun(TestRunner.java:610)
at org.testng.TestRunner.run(TestRunner.java:581)
at org.testng.SuiteRunner.runTest(SuiteRunner.java:384)
at org.testng.SuiteRunner.runSequentially(SuiteRunner.java:378)
at org.testng.SuiteRunner.privateRun(SuiteRunner.java:337)
at org.testng.SuiteRunner.run(SuiteRunner.java:286)
at org.testng.SuiteRunnerWorker.runSuite(SuiteRunnerWorker.java:53)
at org.testng.SuiteRunnerWorker.run(SuiteRunnerWorker.java:96)
at org.testng.TestNG.runSuitesSequentially(TestNG.java:1214)
at org.testng.TestNG.runSuitesLocally(TestNG.java:1136)
at org.testng.TestNG.runSuites(TestNG.java:1066)
at org.testng.TestNG.run(TestNG.java:1034)
at org.testng.remote.AbstractRemoteTestNG.run(AbstractRemoteTestNG.java:115)
at org.testng.remote.RemoteTestNG.initAndRun(RemoteTestNG.java:251)
at org.testng.remote.RemoteTestNG.main(RemoteTestNG.java:77)
]]>
    </failure>
  </testcase> <!-- @BeforeTest sampleTest -->
  <testcase name="SpecialReportTestg" time="0.0" classname="com.neuron.qa.testcase.SpecialReportTest">
    <skipped/>
  </testcase> <!-- SpecialReportTestg -->
  <testcase name="SpecialReportTestg" time="0.0" classname="com.neuron.qa.testcase.SpecialReportTest">
    <skipped/>
  </testcase> <!-- SpecialReportTestg -->
  <testcase name="SpecialReportTestg" time="0.0" classname="com.neuron.qa.testcase.SpecialReportTest">
    <skipped/>
  </testcase> <!-- SpecialReportTestg -->
</testsuite> <!-- Default test -->
